<?xml version="1.0" encoding="UTF-8"?>
<testng-results ignored="0" total="1" passed="1" failed="0" skipped="0">
  <reporter-output>
  </reporter-output>
  <suite started-at="2023-10-16T15:19:49 CEST" name="Quick" finished-at="2023-10-16T15:20:06 CEST" duration-ms="16848">
    <groups>
    </groups>
    <test started-at="2023-10-16T15:19:49 CEST" name="Quick" finished-at="2023-10-16T15:20:06 CEST" duration-ms="16848">
      <class name="org.ait.herokuapp.tests.widgets.SliderTest">
        <test-method is-config="true" signature="init()[pri:0, instance:org.ait.herokuapp.tests.widgets.SliderTest@74ea2410]" started-at="2023-10-16T15:19:49 CEST" name="init" finished-at="2023-10-16T15:20:02 CEST" duration-ms="13382" status="PASS">
          <reporter-output>
          </reporter-output>
        </test-method> <!-- init -->
        <test-method is-config="true" signature="startLogger(java.lang.reflect.Method)[pri:0, instance:org.ait.herokuapp.tests.widgets.SliderTest@74ea2410]" started-at="2023-10-16T15:20:02 CEST" name="startLogger" finished-at="2023-10-16T15:20:02 CEST" duration-ms="90" status="PASS">
          <params>
            <param index="0">
              <value>
                <![CDATA[public void org.ait.herokuapp.tests.widgets.SliderTest.sliderTest()]]>
              </value>
            </param>
          </params>
          <reporter-output>
          </reporter-output>
        </test-method> <!-- startLogger -->
        <test-method is-config="true" signature="precondition()[pri:0, instance:org.ait.herokuapp.tests.widgets.SliderTest@74ea2410]" started-at="2023-10-16T15:20:02 CEST" name="precondition" finished-at="2023-10-16T15:20:04 CEST" duration-ms="1633" status="PASS">
          <reporter-output>
          </reporter-output>
        </test-method> <!-- precondition -->
        <test-method signature="sliderTest()[pri:0, instance:org.ait.herokuapp.tests.widgets.SliderTest@74ea2410]" started-at="2023-10-16T15:20:04 CEST" name="sliderTest" finished-at="2023-10-16T15:20:05 CEST" duration-ms="926" status="PASS">
          <reporter-output>
          </reporter-output>
        </test-method> <!-- sliderTest -->
        <test-method is-config="true" signature="tearDown()[pri:0, instance:org.ait.herokuapp.tests.widgets.SliderTest@74ea2410]" started-at="2023-10-16T15:20:05 CEST" name="tearDown" finished-at="2023-10-16T15:20:06 CEST" duration-ms="683" status="PASS">
          <reporter-output>
          </reporter-output>
        </test-method> <!-- tearDown -->
      </class> <!-- org.ait.herokuapp.tests.widgets.SliderTest -->
    </test> <!-- Quick -->
  </suite> <!-- Quick -->
</testng-results>
